#
# There is insufficient memory for the Java Runtime Environment to continue.
# Native memory allocation (malloc) failed to allocate 1136928 bytes for Chunk::new
# Possible reasons:
#   The system is out of physical RAM or swap space
#   In 32 bit mode, the process size limit was hit
# Possible solutions:
#   Reduce memory load on the system
#   Increase physical memory or swap space
#   Check if swap backing store is full
#   Use 64 bit Java on a 64 bit OS
#   Decrease Java heap size (-Xmx/-Xms)
#   Decrease number of Java threads
#   Decrease Java thread stack sizes (-Xss)
#   Set larger code cache with -XX:ReservedCodeCacheSize=
# This output file may be truncated or incomplete.
#
#  Out of Memory Error (allocation.cpp:390), pid=7460, tid=0x0000000000002d10
#
# JRE version: Java(TM) SE Runtime Environment (8.0_171-b11) (build 1.8.0_171-b11)
# Java VM: Java HotSpot(TM) 64-Bit Server VM (25.171-b11 mixed mode windows-amd64 compressed oops)
# Failed to write core dump. Minidumps are not enabled by default on client versions of Windows
#

---------------  T H R E A D  ---------------

Current thread (0x00000000143a1800):  JavaThread "C2 CompilerThread0" daemon [_thread_in_native, id=11536, stack(0x0000000015a10000,0x0000000015b10000)]

Stack: [0x0000000015a10000,0x0000000015b10000]
[error occurred during error reporting (printing stack bounds), id 0xc0000005]

Native frames: (J=compiled Java code, j=interpreted, Vv=VM code, C=native code)


Current CompileTask:
C2:6588737 16216       4       org.gradle.api.internal.artifacts.ivyservice.ivyresolve.CachingModuleComponentRepository$LocateInCacheRepositoryAccess::resolveComponentMetaDataFromCache (406 bytes)


---------------  P R O C E S S  ---------------

Java Threads: ( => current thread )
  0x0000000019866000 JavaThread "Cache worker for execution history cache (D:\React_Native\fit-station\fitstation\android\.gradle\6.7\executionHistory)" [_thread_blocked, id=6364, stack(0x0000000021cd0000,0x0000000021dd0000)]
  0x0000000019865800 JavaThread "Execution worker for ':' Thread 3" [_thread_blocked, id=11824, stack(0x0000000022620000,0x0000000022720000)]
  0x000000001986c000 JavaThread "Execution worker for ':' Thread 2" [_thread_blocked, id=11856, stack(0x0000000022520000,0x0000000022620000)]
  0x000000001986b800 JavaThread "Execution worker for ':'" [_thread_blocked, id=7456, stack(0x0000000021e20000,0x0000000021f20000)]
  0x0000000019de3800 JavaThread "Build operations Thread 4" [_thread_blocked, id=9872, stack(0x00000000215d0000,0x00000000216d0000)]
  0x0000000019de0800 JavaThread "Build operations Thread 3" [_thread_blocked, id=3228, stack(0x00000000212d0000,0x00000000213d0000)]
  0x0000000019ddf800 JavaThread "Build operations Thread 2" [_thread_blocked, id=11884, stack(0x00000000211d0000,0x00000000212d0000)]
  0x0000000019ddf000 JavaThread "Build operations" [_thread_blocked, id=11896, stack(0x000000001f840000,0x000000001f940000)]
  0x0000000019de2800 JavaThread "Cache worker for Build Output Cleanup Cache (D:\React_Native\fit-station\fitstation\android\.gradle\buildOutputCleanup)" [_thread_blocked, id=10860, stack(0x000000001ef40000,0x000000001f040000)]
  0x0000000019de2000 JavaThread "Cache worker for cache directory md-rule (C:\Users\SWAROOP\.gradle\caches\6.7\md-rule)" [_thread_blocked, id=11388, stack(0x000000001ee40000,0x000000001ef40000)]
  0x0000000019de1000 JavaThread "Cache worker for cache directory md-supplier (C:\Users\SWAROOP\.gradle\caches\6.7\md-supplier)" [_thread_blocked, id=3112, stack(0x000000001ed40000,0x000000001ee40000)]
  0x0000000019dd7800 JavaThread "Cache worker for checksums cache (D:\React_Native\fit-station\fitstation\android\.gradle\checksums)" [_thread_blocked, id=3076, stack(0x000000001ec40000,0x000000001ed40000)]
  0x0000000019dde000 JavaThread "Cache worker for file hash cache (D:\React_Native\fit-station\fitstation\android\.gradle\6.7\fileHashes)" [_thread_blocked, id=9332, stack(0x000000001e940000,0x000000001ea40000)]
  0x0000000019ddd800 JavaThread "Thread-132" [_thread_blocked, id=12404, stack(0x000000001b900000,0x000000001ba00000)]
  0x0000000019ddc800 JavaThread "Stdin handler" [_thread_blocked, id=13060, stack(0x0000000018c60000,0x0000000018d60000)]
  0x0000000019dd6800 JavaThread "Asynchronous log dispatcher for DefaultDaemonConnection: socket connection from /127.0.0.1:58301 to /127.0.0.1:52152" [_thread_blocked, id=9652, stack(0x0000000018960000,0x0000000018a60000)]
  0x0000000019ddc000 JavaThread "Daemon worker Thread 2" [_thread_in_Java, id=11964, stack(0x0000000018860000,0x0000000018960000)]
  0x0000000019dd9800 JavaThread "Cancel handler" [_thread_blocked, id=10540, stack(0x0000000018560000,0x0000000018660000)]
  0x0000000019dd9000 JavaThread "Handler for socket connection from /127.0.0.1:58301 to /127.0.0.1:52152" [_thread_in_native, id=6020, stack(0x0000000018460000,0x0000000018560000)]
  0x0000000019dd4800 JavaThread "Daemon Thread 2" [_thread_blocked, id=11012, stack(0x0000000017ae0000,0x0000000017be0000)]
  0x0000000019dda800 JavaThread "Device List Monitor" [_thread_in_native, id=7348, stack(0x0000000021bd0000,0x0000000021cd0000)]
  0x0000000019ddb000 JavaThread "JdwpProxyConnection" [_thread_in_native, id=5456, stack(0x0000000021ad0000,0x0000000021bd0000)]
  0x0000000019dd6000 JavaThread "Monitor" [_thread_in_native, id=11548, stack(0x000000001ced0000,0x000000001cfd0000)]
  0x0000000019dd5000 JavaThread "Memory manager" [_thread_blocked, id=10156, stack(0x0000000025440000,0x0000000025540000)]
  0x00000000170f8000 JavaThread "Cache worker for file content cache (C:\Users\SWAROOP\.gradle\caches\6.7\fileContent)" [_thread_blocked, id=7384, stack(0x000000001e440000,0x000000001e540000)]
  0x00000000170f6800 JavaThread "Cache worker for execution history cache (C:\Users\SWAROOP\.gradle\caches\6.7\executionHistory)" [_thread_blocked, id=1472, stack(0x000000001bc00000,0x000000001bd00000)]
  0x00000000170f8800 JavaThread "Cache worker for journal cache (C:\Users\SWAROOP\.gradle\caches\journal-1)" [_thread_blocked, id=4104, stack(0x000000001b200000,0x000000001b300000)]
  0x00000000170f5000 JavaThread "File lock request listener" [_thread_in_native, id=4140, stack(0x000000001a130000,0x000000001a230000)]
  0x00000000170f9800 JavaThread "Cache worker for file hash cache (C:\Users\SWAROOP\.gradle\caches\6.7\fileHashes)" [_thread_blocked, id=7496, stack(0x0000000019f30000,0x000000001a030000)]
  0x00000000172dc800 JavaThread "Daemon periodic checks" [_thread_in_native, id=6324, stack(0x0000000018360000,0x0000000018460000)]
  0x0000000016eba000 JavaThread "Incoming local TCP Connector on port 58301" [_thread_in_native, id=8236, stack(0x0000000018120000,0x0000000018220000)]
  0x00000000160ae000 JavaThread "Daemon health stats" [_thread_blocked, id=4040, stack(0x0000000001290000,0x0000000001390000)]
  0x00000000143fd800 JavaThread "Service Thread" daemon [_thread_blocked, id=4720, stack(0x0000000016110000,0x0000000016210000)]
  0x00000000143ad000 JavaThread "C1 CompilerThread2" daemon [_thread_blocked, id=2736, stack(0x0000000015c10000,0x0000000015d10000)]
  0x00000000143a8000 JavaThread "C2 CompilerThread1" daemon [_thread_in_native, id=11188, stack(0x0000000015b10000,0x0000000015c10000)]
=>0x00000000143a1800 JavaThread "C2 CompilerThread0" daemon [_thread_in_native, id=11536, stack(0x0000000015a10000,0x0000000015b10000)]
  0x000000001439e800 JavaThread "Attach Listener" daemon [_thread_blocked, id=11608, stack(0x0000000015910000,0x0000000015a10000)]
  0x000000001439d000 JavaThread "Signal Dispatcher" daemon [_thread_blocked, id=2688, stack(0x0000000015810000,0x0000000015910000)]
  0x000000000302c800 JavaThread "Finalizer" daemon [_thread_blocked, id=9232, stack(0x0000000015610000,0x0000000015710000)]
  0x0000000014369000 JavaThread "Reference Handler" daemon [_thread_blocked, id=6336, stack(0x0000000015510000,0x0000000015610000)]
  0x0000000002f32800 JavaThread "main" [_thread_blocked, id=9940, stack(0x0000000002e30000,0x0000000002f30000)]

Other Threads:
  0x0000000014367800 VMThread [stack: 0x0000000015410000,0x0000000015510000] [id=5168]
  0x0000000015d5b800 WatcherThread [stack: 0x0000000016210000,0x0000000016310000] [id=8676]

VM state:not at safepoint (normal execution)

VM Mutex/Monitor currently owned by a thread: None

Heap:
 PSYoungGen      total 137728K, used 31787K [0x00000000f5580000, 0x0000000100000000, 0x0000000100000000)
  eden space 111616K, 24% used [0x00000000f5580000,0x00000000f705a948,0x00000000fc280000)
  from space 26112K, 16% used [0x00000000fc280000,0x00000000fc6b8000,0x00000000fdc00000)
  to   space 25600K, 0% used [0x00000000fe700000,0x00000000fe700000,0x0000000100000000)
 ParOldGen       total 175104K, used 142270K [0x00000000e0000000, 0x00000000eab00000, 0x00000000f5580000)
  object space 175104K, 81% used [0x00000000e0000000,0x00000000e8aefa18,0x00000000eab00000)
 Metaspace       used 84004K, capacity 90450K, committed 90752K, reserved 1126400K
  class space    used 11407K, capacity 12810K, committed 12928K, reserved 1048576K

Card table byte_map: [0x00000000123f0000,0x0000000012500000] byte_map_base: 0x0000000011cf0000

Marking Bits: (ParMarkBitMap*) 0x0000000065a508c0
 Begin Bits: [0x0000000012900000, 0x0000000013100000)
 End Bits:   [0x0000000013100000, 0x0000000013900000)

Polling page: 0x0000000001090000

CodeCache: size=245760Kb used=42341Kb max_used=42341Kb free=203418Kb
 bounds [0x0000000003030000, 0x00000000059d0000, 0x0000000012030000]
 total_blobs=13848 nmethods=12995 adapters=764
 compilation: enabled

Compilation events (10 events):
Event: 6516.176 Thread 0x00000000143ad000 16264       3       org.gradle.api.internal.DefaultNamedDomainObjectSet::withType (10 bytes)
Event: 6516.177 Thread 0x00000000143ad000 nmethod 16264 0x00000000059b9850 code [0x00000000059b99e0, 0x00000000059b9f28]
Event: 6516.177 Thread 0x00000000143ad000 16265       3       org.gradle.api.internal.DefaultNamedDomainObjectCollection::getNamer (11 bytes)
Event: 6516.178 Thread 0x00000000143ad000 nmethod 16265 0x00000000059b9490 code [0x00000000059b95e0, 0x00000000059b9790]
Event: 6516.207 Thread 0x00000000143ad000 16266       3       org.gradle.api.internal.artifacts.ivyservice.resolveengine.graph.builder.ModuleSelectors::advanceToPreserveOrder (44 bytes)
Event: 6516.207 Thread 0x00000000143ad000 nmethod 16266 0x00000000059b8c10 code [0x00000000059b8da0, 0x00000000059b92d8]
Event: 6516.208 Thread 0x00000000143ad000 16267       3       org.gradle.api.internal.artifacts.ivyservice.resolveengine.graph.builder.ModuleSelectors::doAddWhenListHasManyElements (43 bytes)
Event: 6516.209 Thread 0x00000000143ad000 nmethod 16267 0x00000000059b8650 code [0x00000000059b87e0, 0x00000000059b8ac8]
Event: 6516.382 Thread 0x00000000143ad000 16270       1       org.gradle.api.internal.artifacts.ivyservice.modulecache.artifacts.DefaultCachedArtifact::getCachedAt (5 bytes)
Event: 6516.382 Thread 0x00000000143ad000 nmethod 16270 0x00000000059c8950 code [0x00000000059c8aa0, 0x00000000059c8bb0]

GC Heap History (10 events):
Event: 860.392 GC heap before
{Heap before GC invocations=30 (full 3):
 PSYoungGen      total 146944K, used 124337K [0x00000000f5580000, 0x00000000ffe80000, 0x0000000100000000)
  eden space 120832K, 100% used [0x00000000f5580000,0x00000000fcb80000,0x00000000fcb80000)
  from space 26112K, 13% used [0x00000000fe500000,0x00000000fe86c6b8,0x00000000ffe80000)
  to   space 26112K, 0% used [0x00000000fcb80000,0x00000000fcb80000,0x00000000fe500000)
 ParOldGen       total 175104K, used 105558K [0x00000000e0000000, 0x00000000eab00000, 0x00000000f5580000)
  object space 175104K, 60% used [0x00000000e0000000,0x00000000e6715b28,0x00000000eab00000)
 Metaspace       used 75734K, capacity 81474K, committed 81536K, reserved 1118208K
  class space    used 10573K, capacity 11898K, committed 11904K, reserved 1048576K
Event: 860.418 GC heap after
Heap after GC invocations=30 (full 3):
 PSYoungGen      total 146944K, used 1808K [0x00000000f5580000, 0x00000000fff00000, 0x0000000100000000)
  eden space 120832K, 0% used [0x00000000f5580000,0x00000000f5580000,0x00000000fcb80000)
  from space 26112K, 6% used [0x00000000fcb80000,0x00000000fcd44010,0x00000000fe500000)
  to   space 25600K, 0% used [0x00000000fe600000,0x00000000fe600000,0x00000000fff00000)
 ParOldGen       total 175104K, used 108326K [0x00000000e0000000, 0x00000000eab00000, 0x00000000f5580000)
  object space 175104K, 61% used [0x00000000e0000000,0x00000000e69c9b48,0x00000000eab00000)
 Metaspace       used 75734K, capacity 81474K, committed 81536K, reserved 1118208K
  class space    used 10573K, capacity 11898K, committed 11904K, reserved 1048576K
}
Event: 913.501 GC heap before
{Heap before GC invocations=31 (full 3):
 PSYoungGen      total 146944K, used 122640K [0x00000000f5580000, 0x00000000fff00000, 0x0000000100000000)
  eden space 120832K, 100% used [0x00000000f5580000,0x00000000fcb80000,0x00000000fcb80000)
  from space 26112K, 6% used [0x00000000fcb80000,0x00000000fcd44010,0x00000000fe500000)
  to   space 25600K, 0% used [0x00000000fe600000,0x00000000fe600000,0x00000000fff00000)
 ParOldGen       total 175104K, used 108326K [0x00000000e0000000, 0x00000000eab00000, 0x00000000f5580000)
  object space 175104K, 61% used [0x00000000e0000000,0x00000000e69c9b48,0x00000000eab00000)
 Metaspace       used 80095K, capacity 86024K, committed 86272K, reserved 1122304K
  class space    used 11132K, capacity 12451K, committed 12544K, reserved 1048576K
Event: 913.706 GC heap after
Heap after GC invocations=31 (full 3):
 PSYoungGen      total 135680K, used 10323K [0x00000000f5580000, 0x00000000ff800000, 0x0000000100000000)
  eden space 117248K, 0% used [0x00000000f5580000,0x00000000f5580000,0x00000000fc800000)
  from space 18432K, 56% used [0x00000000fe600000,0x00000000ff014fe8,0x00000000ff800000)
  to   space 24576K, 0% used [0x00000000fc800000,0x00000000fc800000,0x00000000fe000000)
 ParOldGen       total 175104K, used 109798K [0x00000000e0000000, 0x00000000eab00000, 0x00000000f5580000)
  object space 175104K, 62% used [0x00000000e0000000,0x00000000e6b39b78,0x00000000eab00000)
 Metaspace       used 80095K, capacity 86024K, committed 86272K, reserved 1122304K
  class space    used 11132K, capacity 12451K, committed 12544K, reserved 1048576K
}
Event: 6364.766 GC heap before
{Heap before GC invocations=32 (full 3):
 PSYoungGen      total 135680K, used 127571K [0x00000000f5580000, 0x00000000ff800000, 0x0000000100000000)
  eden space 117248K, 100% used [0x00000000f5580000,0x00000000fc800000,0x00000000fc800000)
  from space 18432K, 56% used [0x00000000fe600000,0x00000000ff014fe8,0x00000000ff800000)
  to   space 24576K, 0% used [0x00000000fc800000,0x00000000fc800000,0x00000000fe000000)
 ParOldGen       total 175104K, used 109798K [0x00000000e0000000, 0x00000000eab00000, 0x00000000f5580000)
  object space 175104K, 62% used [0x00000000e0000000,0x00000000e6b39b78,0x00000000eab00000)
 Metaspace       used 83402K, capacity 89726K, committed 89856K, reserved 1126400K
  class space    used 11375K, capacity 12758K, committed 12800K, reserved 1048576K
Event: 6374.012 GC heap after
Heap after GC invocations=32 (full 3):
 PSYoungGen      total 125952K, used 11809K [0x00000000f5580000, 0x00000000ff380000, 0x0000000100000000)
  eden space 113664K, 0% used [0x00000000f5580000,0x00000000f5580000,0x00000000fc480000)
  from space 12288K, 96% used [0x00000000fc800000,0x00000000fd388550,0x00000000fd400000)
  to   space 24064K, 0% used [0x00000000fdc00000,0x00000000fdc00000,0x00000000ff380000)
 ParOldGen       total 175104K, used 115699K [0x00000000e0000000, 0x00000000eab00000, 0x00000000f5580000)
  object space 175104K, 66% used [0x00000000e0000000,0x00000000e70fcc80,0x00000000eab00000)
 Metaspace       used 83402K, capacity 89726K, committed 89856K, reserved 1126400K
  class space    used 11375K, capacity 12758K, committed 12800K, reserved 1048576K
}
Event: 6453.115 GC heap before
{Heap before GC invocations=33 (full 3):
 PSYoungGen      total 125952K, used 125473K [0x00000000f5580000, 0x00000000ff380000, 0x0000000100000000)
  eden space 113664K, 100% used [0x00000000f5580000,0x00000000fc480000,0x00000000fc480000)
  from space 12288K, 96% used [0x00000000fc800000,0x00000000fd388550,0x00000000fd400000)
  to   space 24064K, 0% used [0x00000000fdc00000,0x00000000fdc00000,0x00000000ff380000)
 ParOldGen       total 175104K, used 115699K [0x00000000e0000000, 0x00000000eab00000, 0x00000000f5580000)
  object space 175104K, 66% used [0x00000000e0000000,0x00000000e70fcc80,0x00000000eab00000)
 Metaspace       used 83904K, capacity 90378K, committed 90496K, reserved 1126400K
  class space    used 11406K, capacity 12810K, committed 12928K, reserved 1048576K
Event: 6457.085 GC heap after
Heap after GC invocations=33 (full 3):
 PSYoungGen      total 135680K, used 18752K [0x00000000f5580000, 0x0000000100000000, 0x0000000100000000)
  eden space 111616K, 0% used [0x00000000f5580000,0x00000000f5580000,0x00000000fc280000)
  from space 24064K, 77% used [0x00000000fdc00000,0x00000000fee50020,0x00000000ff380000)
  to   space 26112K, 0% used [0x00000000fc280000,0x00000000fc280000,0x00000000fdc00000)
 ParOldGen       total 175104K, used 124677K [0x00000000e0000000, 0x00000000eab00000, 0x00000000f5580000)
  object space 175104K, 71% used [0x00000000e0000000,0x00000000e79c1490,0x00000000eab00000)
 Metaspace       used 83904K, capacity 90378K, committed 90496K, reserved 1126400K
  class space    used 11406K, capacity 12810K, committed 12928K, reserved 1048576K
}
Event: 6512.799 GC heap before
{Heap before GC invocations=34 (full 3):
 PSYoungGen      total 135680K, used 130368K [0x00000000f5580000, 0x0000000100000000, 0x0000000100000000)
  eden space 111616K, 100% used [0x00000000f5580000,0x00000000fc280000,0x00000000fc280000)
  from space 24064K, 77% used [0x00000000fdc00000,0x00000000fee50020,0x00000000ff380000)
  to   space 26112K, 0% used [0x00000000fc280000,0x00000000fc280000,0x00000000fdc00000)
 ParOldGen       total 175104K, used 124677K [0x00000000e0000000, 0x00000000eab00000, 0x00000000f5580000)
  object space 175104K, 71% used [0x00000000e0000000,0x00000000e79c1490,0x00000000eab00000)
 Metaspace       used 83967K, capacity 90382K, committed 90752K, reserved 1126400K
  class space    used 11407K, capacity 12810K, committed 12928K, reserved 1048576K
Event: 6513.207 GC heap after
Heap after GC invocations=34 (full 3):
 PSYoungGen      total 137728K, used 4320K [0x00000000f5580000, 0x0000000100000000, 0x0000000100000000)
  eden space 111616K, 0% used [0x00000000f5580000,0x00000000f5580000,0x00000000fc280000)
  from space 26112K, 16% used [0x00000000fc280000,0x00000000fc6b8000,0x00000000fdc00000)
  to   space 25600K, 0% used [0x00000000fe700000,0x00000000fe700000,0x0000000100000000)
 ParOldGen       total 175104K, used 142270K [0x00000000e0000000, 0x00000000eab00000, 0x00000000f5580000)
  object space 175104K, 81% used [0x00000000e0000000,0x00000000e8aefa18,0x00000000eab00000)
 Metaspace       used 83967K, capacity 90382K, committed 90752K, reserved 1126400K
  class space    used 11407K, capacity 12810K, committed 12928K, reserved 1048576K
}

Deoptimization events (10 events):
Event: 6394.432 Thread 0x000000001986b800 Uncommon trap: reason=unstable_if action=reinterpret pc=0x0000000004cbefe4 method=org.apache.ivy.core.IvyPatternHelper.substituteTokens(Ljava/lang/String;Ljava/util/Map;)Ljava/lang/String; @ 529
Event: 6414.289 Thread 0x000000001986b800 Uncommon trap: reason=unstable_if action=reinterpret pc=0x000000000529b0dc method=com.google.common.collect.AbstractMapEntry.equals(Ljava/lang/Object;)Z @ 25
Event: 6414.410 Thread 0x000000001986b800 Uncommon trap: reason=unstable_if action=reinterpret pc=0x000000000538f9c0 method=org.gradle.internal.execution.history.changes.AbstractFingerprintCompareStrategy.visitChangesSince(Lorg/gradle/internal/fingerprint/FileCollectionFingerprint;Lorg/gradle/int
Event: 6475.032 Thread 0x0000000019ddc000 Uncommon trap: reason=class_check action=maybe_recompile pc=0x00000000038a3dd0 method=org.gradle.internal.component.model.DependencyMetadataRules$$Lambda$670/1535698772.isSatisfiedBy(Ljava/lang/Object;)Z @ 4
Event: 6475.032 Thread 0x0000000019ddc000 Uncommon trap: reason=class_check action=maybe_recompile pc=0x00000000038a3dd0 method=org.gradle.internal.component.model.DependencyMetadataRules$$Lambda$670/1535698772.isSatisfiedBy(Ljava/lang/Object;)Z @ 4
Event: 6475.032 Thread 0x0000000019ddc000 Uncommon trap: reason=class_check action=maybe_recompile pc=0x00000000038a3dd0 method=org.gradle.internal.component.model.DependencyMetadataRules$$Lambda$670/1535698772.isSatisfiedBy(Ljava/lang/Object;)Z @ 4
Event: 6475.032 Thread 0x0000000019ddc000 Uncommon trap: reason=class_check action=maybe_recompile pc=0x00000000038a3dd0 method=org.gradle.internal.component.model.DependencyMetadataRules$$Lambda$670/1535698772.isSatisfiedBy(Ljava/lang/Object;)Z @ 4
Event: 6510.246 Thread 0x0000000019ddc000 Uncommon trap: reason=unstable_if action=reinterpret pc=0x0000000003ed4c0c method=org.gradle.internal.snapshot.VfsRelativePath.compareToFirstSegment(Ljava/lang/String;Lorg/gradle/internal/snapshot/CaseSensitivity;)I @ 156
Event: 6510.246 Thread 0x0000000019ddc000 Uncommon trap: reason=unstable_if action=reinterpret pc=0x00000000052d9e60 method=org.gradle.internal.snapshot.SnapshotUtil.handlePathRelationship(Ljava/lang/String;Lorg/gradle/internal/snapshot/VfsRelativePath;Lorg/gradle/internal/snapshot/CaseSensitivit
Event: 6510.263 Thread 0x0000000019ddc000 Uncommon trap: reason=unstable_if action=reinterpret pc=0x0000000004fb3e3c method=org.gradle.internal.snapshot.SnapshotUtil.handlePathRelationship(Ljava/lang/String;Lorg/gradle/internal/snapshot/VfsRelativePath;Lorg/gradle/internal/snapshot/CaseSensitivit

Classes redefined (0 events):
No events

Internal exceptions (10 events):
Event: 905.425 Thread 0x0000000017203800 Implicit null exception at 0x0000000004551a8f to 0x0000000004551ad1
Event: 909.546 Thread 0x0000000017203800 Implicit null exception at 0x0000000004619be0 to 0x0000000004619f60
Event: 909.546 Thread 0x0000000017203800 Implicit null exception at 0x000000000537caf9 to 0x000000000537d3cd
Event: 909.546 Thread 0x0000000017203800 Implicit null exception at 0x00000000043bfc0f to 0x00000000043bfc59
Event: 909.656 Thread 0x0000000017203800 Implicit null exception at 0x0000000004f2f8c4 to 0x0000000004f31085
Event: 913.358 Thread 0x0000000017203800 Implicit null exception at 0x00000000043c8c17 to 0x00000000043c8fdd
Event: 6175.570 Thread 0x0000000019ddc000 Implicit null exception at 0x0000000003ef1457 to 0x0000000003ef17c5
Event: 6182.566 Thread 0x0000000019ddc000 Implicit null exception at 0x000000000541259f to 0x00000000054155fd
Event: 6350.441 Thread 0x0000000019ddc000 Implicit null exception at 0x000000000486b4a3 to 0x000000000486b5dd
Event: 6377.833 Thread 0x0000000019ddc000 Exception <a 'sun/nio/fs/WindowsException'> (0x00000000f6b173a0) thrown at [C:\re\workspace\8-2-build-windows-amd64-cygwin\jdk8u171\10807\hotspot\src\share\vm\prims\jni.cpp, line 709]

Events (10 events):
Event: 6510.263 Thread 0x0000000019ddc000 DEOPT PACKING pc=0x0000000004fb3e3c sp=0x0000000018958e20
Event: 6510.263 Thread 0x0000000019ddc000 DEOPT UNPACKING pc=0x000000000307583b sp=0x0000000018958d80 mode 2
Event: 6512.141 Executing VM operation: RevokeBias
Event: 6512.142 Executing VM operation: RevokeBias done
Event: 6512.439 Executing VM operation: RevokeBias
Event: 6512.439 Executing VM operation: RevokeBias done
Event: 6512.799 Executing VM operation: ParallelGCFailedAllocation
Event: 6513.207 Executing VM operation: ParallelGCFailedAllocation done
Event: 6514.474 Executing VM operation: RevokeBias
Event: 6514.474 Executing VM operation: RevokeBias done


Dynamic libraries:
0x00007ff6a5530000 - 0x00007ff6a5567000 	C:\Program Files\Java\jdk1.8.0_171\bin\java.exe
0x00007ffdef070000 - 0x00007ffdef265000 	C:\WINDOWS\SYSTEM32\ntdll.dll
0x00007ffdaaf30000 - 0x00007ffdaaf43000 	C:\Program Files\Avast Software\Avast\aswhook.dll
0x00007ffdedba0000 - 0x00007ffdedc5d000 	C:\WINDOWS\System32\KERNEL32.DLL
0x00007ffdec810000 - 0x00007ffdecad9000 	C:\WINDOWS\System32\KERNELBASE.dll
0x00007ffded7d0000 - 0x00007ffded87c000 	C:\WINDOWS\System32\ADVAPI32.dll
0x00007ffded9a0000 - 0x00007ffdeda3e000 	C:\WINDOWS\System32\msvcrt.dll
0x00007ffdeeda0000 - 0x00007ffdeee3b000 	C:\WINDOWS\System32\sechost.dll
0x00007ffdedc90000 - 0x00007ffdeddba000 	C:\WINDOWS\System32\RPCRT4.dll
0x00007ffdeec00000 - 0x00007ffdeeda0000 	C:\WINDOWS\System32\USER32.dll
0x00007ffdec7b0000 - 0x00007ffdec7d2000 	C:\WINDOWS\System32\win32u.dll
0x00007ffdedc60000 - 0x00007ffdedc8a000 	C:\WINDOWS\System32\GDI32.dll
0x00007ffdecae0000 - 0x00007ffdecbeb000 	C:\WINDOWS\System32\gdi32full.dll
0x00007ffded040000 - 0x00007ffded0dd000 	C:\WINDOWS\System32\msvcp_win.dll
0x00007ffdece90000 - 0x00007ffdecf90000 	C:\WINDOWS\System32\ucrtbase.dll
0x00007ffdd4240000 - 0x00007ffdd44da000 	C:\WINDOWS\WinSxS\amd64_microsoft.windows.common-controls_6595b64144ccf1df_6.0.19041.1110_none_60b5254171f9507e\COMCTL32.dll
0x00007ffdeda40000 - 0x00007ffdeda70000 	C:\WINDOWS\System32\IMM32.DLL
0x0000000065ad0000 - 0x0000000065ba2000 	C:\Program Files\Java\jdk1.8.0_171\jre\bin\msvcr100.dll
0x0000000065230000 - 0x0000000065ad0000 	C:\Program Files\Java\jdk1.8.0_171\jre\bin\server\jvm.dll
0x00007ffded190000 - 0x00007ffded198000 	C:\WINDOWS\System32\PSAPI.DLL
0x00007ffdd1950000 - 0x00007ffdd1977000 	C:\WINDOWS\SYSTEM32\WINMM.dll
0x00007ffde7110000 - 0x00007ffde711a000 	C:\WINDOWS\SYSTEM32\VERSION.dll
0x00007ffdcee20000 - 0x00007ffdcee29000 	C:\WINDOWS\SYSTEM32\WSOCK32.dll
0x00007ffdeddc0000 - 0x00007ffdede2b000 	C:\WINDOWS\System32\WS2_32.dll
0x0000000065220000 - 0x000000006522f000 	C:\Program Files\Java\jdk1.8.0_171\jre\bin\verify.dll
0x00000000651f0000 - 0x0000000065219000 	C:\Program Files\Java\jdk1.8.0_171\jre\bin\java.dll
0x00000000651d0000 - 0x00000000651e6000 	C:\Program Files\Java\jdk1.8.0_171\jre\bin\zip.dll
0x00007ffdee4c0000 - 0x00007ffdeebff000 	C:\WINDOWS\System32\SHELL32.dll
0x00007ffdea510000 - 0x00007ffdeaca1000 	C:\WINDOWS\SYSTEM32\windows.storage.dll
0x00007ffdedfb0000 - 0x00007ffdee305000 	C:\WINDOWS\System32\combase.dll
0x00007ffdec220000 - 0x00007ffdec24c000 	C:\WINDOWS\SYSTEM32\Wldp.dll
0x00007ffded880000 - 0x00007ffded92e000 	C:\WINDOWS\System32\SHCORE.dll
0x00007ffded930000 - 0x00007ffded985000 	C:\WINDOWS\System32\shlwapi.dll
0x00007ffdec6f0000 - 0x00007ffdec70f000 	C:\WINDOWS\SYSTEM32\profapi.dll
0x00000000651b0000 - 0x00000000651ca000 	C:\Program Files\Java\jdk1.8.0_171\jre\bin\net.dll
0x00007ffdebf80000 - 0x00007ffdebfea000 	C:\WINDOWS\system32\mswsock.dll
0x0000000065190000 - 0x00000000651a1000 	C:\Program Files\Java\jdk1.8.0_171\jre\bin\nio.dll
0x00007ffdce1f0000 - 0x00007ffdce216000 	C:\Users\SWAROOP\.gradle\native\fdc75f09e3144964f2cf3f50f0aa648679c211496f362492102eb8c894070792\windows-amd64\native-platform.dll
0x00007ffd6a9a0000 - 0x00007ffd6ab31000 	C:\Users\SWAROOP\.gradle\native\12488b8bf47d2d4c9fbf2f6322a914ad602e24e48041cd04a747c6da556b65c4\windows-amd64\native-platform-file-events.dll
0x0000000065180000 - 0x000000006518d000 	C:\Program Files\Java\jdk1.8.0_171\jre\bin\management.dll
0x00007ffdec160000 - 0x00007ffdec178000 	C:\WINDOWS\SYSTEM32\CRYPTSP.dll
0x00007ffdeb8b0000 - 0x00007ffdeb8e4000 	C:\WINDOWS\system32\rsaenh.dll
0x00007ffdec7e0000 - 0x00007ffdec807000 	C:\WINDOWS\System32\bcrypt.dll
0x00007ffdec6b0000 - 0x00007ffdec6de000 	C:\WINDOWS\SYSTEM32\USERENV.dll
0x00007ffdecdb0000 - 0x00007ffdece33000 	C:\WINDOWS\System32\bcryptprimitives.dll
0x00007ffdec180000 - 0x00007ffdec18c000 	C:\WINDOWS\SYSTEM32\CRYPTBASE.dll
0x00007ffdebc20000 - 0x00007ffdebc5b000 	C:\WINDOWS\SYSTEM32\IPHLPAPI.DLL
0x00007ffdedfa0000 - 0x00007ffdedfa8000 	C:\WINDOWS\System32\NSI.dll
0x00007ffde9eb0000 - 0x00007ffde9ec7000 	C:\WINDOWS\SYSTEM32\dhcpcsvc6.DLL
0x00007ffde9e90000 - 0x00007ffde9ead000 	C:\WINDOWS\SYSTEM32\dhcpcsvc.DLL
0x00007ffdebc60000 - 0x00007ffdebd2c000 	C:\WINDOWS\SYSTEM32\DNSAPI.dll
0x00007ffde34d0000 - 0x00007ffde34db000 	C:\WINDOWS\SYSTEM32\WINNSI.DLL
0x0000000065150000 - 0x0000000065174000 	C:\Program Files\Java\jdk1.8.0_171\jre\bin\sunec.dll
0x00007ffddf940000 - 0x00007ffddf94a000 	C:\Windows\System32\rasadhlp.dll
0x00007ffddf470000 - 0x00007ffddf4ef000 	C:\WINDOWS\System32\fwpuclnt.dll
0x0000000065140000 - 0x000000006514b000 	C:\Program Files\Java\jdk1.8.0_171\jre\bin\sunmscapi.dll
0x00007ffdecbf0000 - 0x00007ffdecd4f000 	C:\WINDOWS\System32\CRYPT32.dll

VM Arguments:
jvm_args: -XX:MaxMetaspaceSize=256m -XX:+HeapDumpOnOutOfMemoryError -Xms256m -Xmx512m -Dfile.encoding=windows-1252 -Duser.country=IN -Duser.language=en -Duser.variant 
java_command: org.gradle.launcher.daemon.bootstrap.GradleDaemon 6.7
java_class_path (initial): C:\Users\SWAROOP\.gradle\wrapper\dists\gradle-6.7-all\cuy9mc7upwgwgeb72wkcrupxe\gradle-6.7\lib\gradle-launcher-6.7.jar
Launcher Type: SUN_STANDARD

Environment Variables:
CLASSPATH=D:\React_Native\fit-station\fitstation\android\\gradle\wrapper\gradle-wrapper.jar
PATH=D:\React_Native\fit-station\fitstation\android\node_modules\.bin;D:\React_Native\fit-station\fitstation\node_modules\.bin;D:\React_Native\fit-station\node_modules\.bin;D:\React_Native\node_modules\.bin;D:\node_modules\.bin;C:\Program Files\nodejs;C:\Program Files (x86)\Common Files\Oracle\Java\javapath;C:\WINDOWS\system32;C:\WINDOWS;C:\WINDOWS\System32\Wbem;C:\WINDOWS\System32\WindowsPowerShell\v1.0\;C:\WINDOWS\System32\OpenSSH\;C:\Program Files\nodejs\;C:\Program Files\Java\jdk1.8.0_171\bin;C:\Users\SWAROOP\AppData\Local\Android\Sdk\Sdk\platform-tools;C:\Program Files (x86)\Yarn\bin\;C:\Program Files\Git\cmd;C:\Users\SWAROOP\AppData\Local\Microsoft\WindowsApps;C:\Users\SWAROOP\AppData\Roaming\npm;C:\User\SWAROOP\AppData\Local\Android\Sdk\Sdk\platform-tools;C:\Users\SWAROOP\AppData\Local\Programs\Python\Python37;C:\Users\SWAROOP\AppData\Local\atom\bin;C:\Program Files\Git\bin;C:\Users\SWAROOP\AppData\Local\Yarn\bin;C:\Program Files\JetBrains\WebStorm 2020.2.3\bin;C:\Program Files\JetBrains\PyCharm Community Edition 2020.2.4\bin;C:\Users\SWAROOP\AppData\Local\Microsoft\WindowsApps;C:\Users\SWAROOP\AppData\Local\GitHubDesktop\bin;C:\Users\SWAROOP\AppData\Local\Programs\Microsoft VS Code\bin
USERNAME=SWAROOP
OS=Windows_NT
PROCESSOR_IDENTIFIER=Intel64 Family 6 Model 142 Stepping 9, GenuineIntel



---------------  S Y S T E M  ---------------

OS: